[INFO][2024-06-30 23:00:59][change_group_config.py:71] - 已将更新数据放入缓存
[INFO][2024-06-30 23:02:09][change_group_config.py:71] - 已将更新数据放入缓存
[INFO][2024-06-30 23:02:39][change_group_config.py:71] - 已将更新数据放入缓存
[INFO][2024-06-30 23:02:54][change_group_config.py:71] - 已将更新数据放入缓存
[INFO][2024-06-30 23:05:16][change_group_config.py:71] - 已将更新数据放入缓存
[INFO][2024-06-30 23:05:40][change_group_config.py:71] - 已将更新数据放入缓存
[INFO][2024-06-30 23:06:59][change_group_config.py:71] - 已将更新数据放入缓存
[INFO][2024-06-30 23:37:43][change_group_config.py:71] - 已将更新数据放入缓存
[INFO][2024-07-01 00:02:43][change_group_config.py:71] - 已将更新数据放入缓存
[INFO][2024-07-01 00:02:50][change_group_config.py:71] - 已将更新数据放入缓存
[INFO][2024-07-01 00:05:49][change_group_config.py:74] - 已将更新数据放入缓存
[INFO][2024-07-01 00:06:24][change_group_config.py:74] - 已将更新数据放入缓存
[INFO][2024-07-01 00:06:47][change_group_config.py:74] - 已将更新数据放入缓存
[INFO][2024-07-01 00:09:03][change_group_config.py:74] - 已将更新数据放入缓存
[INFO][2024-07-01 00:09:51][change_group_config.py:74] - 已将更新数据放入缓存
[INFO][2024-07-01 00:10:11][change_group_config.py:84] - re.compile('^#modify (.+) to (\\w+)$')
[INFO][2024-07-01 00:10:11][change_group_config.py:74] - 已将更新数据放入缓存
[INFO][2024-07-01 00:11:10][change_group_config.py:84] - None
[INFO][2024-07-01 00:11:10][change_group_config.py:74] - 已将更新数据放入缓存
[INFO][2024-07-01 00:12:16][change_group_config.py:84] - <re.Match object; span=(0, 33), match='#modify 500 Not Found to adab6.5s'>
[INFO][2024-07-01 00:12:16][change_group_config.py:74] - 已将更新数据放入缓存
[INFO][2024-07-01 00:13:19][change_group_config.py:84] - ('500 Not Found', 'adab6.5s')
[INFO][2024-07-01 00:13:19][change_group_config.py:74] - 已将更新数据放入缓存
[INFO][2024-07-01 00:13:51][change_group_config.py:84] - ('500 Not Found', 'adab6.5s')
[INFO][2024-07-01 00:13:51][change_group_config.py:74] - 已将更新数据放入缓存
[INFO][2024-07-01 00:14:36][change_group_config.py:74] - 已将更新数据放入缓存
[INFO][2024-07-01 00:15:07][change_group_config.py:84] - all_function
[INFO][2024-07-01 00:15:07][change_group_config.py:74] - 已将更新数据放入缓存
[INFO][2024-07-01 00:15:34][change_group_config.py:81] - modify_group_model
[INFO][2024-07-01 00:15:34][change_group_config.py:122] - ('500 Not Found', 'adab6.5s')
[INFO][2024-07-01 00:15:34][change_group_config.py:125] - 500 Not Found, adab6.5s
[INFO][2024-07-01 00:15:34][change_group_config.py:71] - 已将更新数据放入缓存
[INFO][2024-07-01 00:16:24][change_group_config.py:81] - modify_group_model
[INFO][2024-07-01 00:16:24][change_group_config.py:124] - 500 Not Found, abab6.5s-chat
[INFO][2024-07-01 00:16:24][change_group_config.py:71] - 已将更新数据放入缓存
[INFO][2024-07-01 00:16:54][change_group_config.py:81] - modify_group_model
[INFO][2024-07-01 00:16:54][change_group_config.py:124] - 500 Not Found, abab6.5s-chat
[INFO][2024-07-01 00:16:54][change_group_config.py:71] - 已将更新数据放入缓存
[INFO][2024-07-01 00:17:15][change_group_config.py:71] - 已将更新数据放入缓存
